<?xml version="1.0" encoding="UTF-8"?>
<!-- Generated by org.testng.reporters.JUnitReportReporter -->
<testsuite hostname="DESKTOP-DVEOUHU" name="test_Cases.LoginPage_TestCase" tests="2" failures="0" timestamp="1 Jul 2019 09:50:53 GMT" time="40.035" errors="0">
  <testcase name="TestProcedure" time="17.845" classname="test_Cases.LoginPage_TestCase"/>
  <testcase name="TestProcedure" time="22.190" classname="test_Cases.LoginPage_TestCase"/>
</testsuite> <!-- test_Cases.LoginPage_TestCase -->
