<?xml version="1.0" encoding="UTF-8"?>
<!-- Generated by org.testng.reporters.JUnitReportReporter -->
<testsuite hostname="DESKTOP-DVEOUHU" name="test_Cases.LoginPage_TestCase" tests="4" failures="0" timestamp="1 Jul 2019 12:32:09 GMT" time="55.592" errors="0">
  <testcase name="TestProcedure" time="12.981" classname="test_Cases.LoginPage_TestCase"/>
  <testcase name="TestProcedure" time="15.159" classname="test_Cases.LoginPage_TestCase"/>
  <testcase name="TestProcedure" time="13.069" classname="test_Cases.LoginPage_TestCase"/>
  <testcase name="TestProcedure" time="14.383" classname="test_Cases.LoginPage_TestCase"/>
</testsuite> <!-- test_Cases.LoginPage_TestCase -->
